This file contains any messages produced by compilers while
running configure, to aid debugging if configure makes a mistake.

It was created by kmad configure 0.0.0, which was
generated by GNU Autoconf 2.69.  Invocation command line was

  $ ./configure 

## --------- ##
## Platform. ##
## --------- ##

hostname = MacBook-Pro-Joanna.local
uname -m = x86_64
uname -r = 14.3.0
uname -s = Darwin
uname -v = Darwin Kernel Version 14.3.0: Mon Mar 23 11:59:05 PDT 2015; root:xnu-2782.20.48~5/RELEASE_X86_64

/usr/bin/uname -p = i386
/bin/uname -X     = unknown

/bin/arch              = unknown
/usr/bin/arch -k       = unknown
/usr/convex/getsysinfo = unknown
/usr/bin/hostinfo      = Mach kernel version:
	 Darwin Kernel Version 14.3.0: Mon Mar 23 11:59:05 PDT 2015; root:xnu-2782.20.48~5/RELEASE_X86_64
Kernel configured for up to 4 processors.
2 processors are physically available.
4 processors are logically available.
Processor type: i486 (Intel 80486)
Processors active: 0 1 2 3
Primary memory available: 8.00 gigabytes
Default processor set: 235 tasks, 1016 threads, 4 processors
Load average: 1.14, Mach factor: 2.85
/bin/machine           = unknown
/usr/bin/oslevel       = unknown
/bin/universe          = unknown

PATH: /Library/Frameworks/Python.framework/Versions/2.7/bin
PATH: /opt/local/bin
PATH: /opt/local/sbin
PATH: /Library/Frameworks/Python.framework/Versions/2.7/bin
PATH: /Library/Frameworks/Python.framework/Versions/2.7/bin
PATH: /usr/local/bin
PATH: /usr/bin
PATH: /bin
PATH: /usr/sbin
PATH: /sbin
PATH: /opt/X11/bin
PATH: /usr/local/git/bin
PATH: /usr/texbin


## ----------- ##
## Core tests. ##
## ----------- ##

configure:2478: checking for a BSD-compatible install
configure:2546: result: /opt/local/bin/ginstall -c
configure:2557: checking whether build environment is sane
configure:2612: result: yes
configure:2763: checking for a thread-safe mkdir -p
configure:2802: result: /opt/local/bin/gmkdir -p
configure:2809: checking for gawk
configure:2825: found /opt/local/bin/gawk
configure:2836: result: gawk
configure:2847: checking whether make sets $(MAKE)
configure:2869: result: yes
configure:2898: checking whether make supports nested variables
configure:2915: result: yes
configure:3326: checking for g++
configure:3342: found /usr/bin/g++
configure:3353: result: g++
configure:3380: checking for C++ compiler version
configure:3389: g++ --version >&5
Apple LLVM version 6.0 (clang-600.0.54) (based on LLVM 3.5svn)
Target: x86_64-apple-darwin14.3.0
Thread model: posix
Configured with: --prefix=/Applications/Xcode.app/Contents/Developer/usr --with-gxx-include-dir=/usr/include/c++/4.2.1
configure:3400: $? = 0
configure:3389: g++ -v >&5
Configured with: --prefix=/Applications/Xcode.app/Contents/Developer/usr --with-gxx-include-dir=/usr/include/c++/4.2.1
Apple LLVM version 6.0 (clang-600.0.54) (based on LLVM 3.5svn)
Target: x86_64-apple-darwin14.3.0
Thread model: posix
configure:3400: $? = 0
configure:3389: g++ -V >&5
clang: error: argument to '-V' is missing (expected 1 value)
clang: error: no input files
configure:3400: $? = 1
configure:3389: g++ -qversion >&5
clang: error: unknown argument: '-qversion'
clang: error: no input files
configure:3400: $? = 1
configure:3420: checking whether the C++ compiler works
configure:3442: g++    conftest.cpp  >&5
configure:3446: $? = 0
configure:3494: result: yes
configure:3497: checking for C++ compiler default output file name
configure:3499: result: a.out
configure:3505: checking for suffix of executables
configure:3512: g++ -o conftest    conftest.cpp  >&5
configure:3516: $? = 0
configure:3538: result: 
configure:3560: checking whether we are cross compiling
configure:3568: g++ -o conftest    conftest.cpp  >&5
configure:3572: $? = 0
configure:3579: ./conftest
configure:3583: $? = 0
configure:3598: result: no
configure:3603: checking for suffix of object files
configure:3625: g++ -c   conftest.cpp >&5
configure:3629: $? = 0
configure:3650: result: o
configure:3654: checking whether we are using the GNU C++ compiler
configure:3673: g++ -c   conftest.cpp >&5
configure:3673: $? = 0
configure:3682: result: yes
configure:3691: checking whether g++ accepts -g
configure:3711: g++ -c -g  conftest.cpp >&5
configure:3711: $? = 0
configure:3752: result: yes
configure:3786: checking for style of include used by make
configure:3814: result: GNU
configure:3840: checking dependency style of g++
configure:3951: result: gcc3
configure:4014: checking for gcc
configure:4030: found /usr/bin/gcc
configure:4041: result: gcc
configure:4270: checking for C compiler version
configure:4279: gcc --version >&5
Apple LLVM version 6.0 (clang-600.0.54) (based on LLVM 3.5svn)
Target: x86_64-apple-darwin14.3.0
Thread model: posix
Configured with: --prefix=/Applications/Xcode.app/Contents/Developer/usr --with-gxx-include-dir=/usr/include/c++/4.2.1
configure:4290: $? = 0
configure:4279: gcc -v >&5
Configured with: --prefix=/Applications/Xcode.app/Contents/Developer/usr --with-gxx-include-dir=/usr/include/c++/4.2.1
Apple LLVM version 6.0 (clang-600.0.54) (based on LLVM 3.5svn)
Target: x86_64-apple-darwin14.3.0
Thread model: posix
configure:4290: $? = 0
configure:4279: gcc -V >&5
clang: error: argument to '-V' is missing (expected 1 value)
clang: error: no input files
configure:4290: $? = 1
configure:4279: gcc -qversion >&5
clang: error: unknown argument: '-qversion'
clang: error: no input files
configure:4290: $? = 1
configure:4294: checking whether we are using the GNU C compiler
configure:4313: gcc -c   conftest.c >&5
configure:4313: $? = 0
configure:4322: result: yes
configure:4331: checking whether gcc accepts -g
configure:4351: gcc -c -g  conftest.c >&5
configure:4351: $? = 0
configure:4392: result: yes
configure:4409: checking for gcc option to accept ISO C89
configure:4472: gcc  -c -g -O2  conftest.c >&5
configure:4472: $? = 0
configure:4485: result: none needed
configure:4510: checking whether gcc understands -c and -o together
configure:4532: gcc -c conftest.c -o conftest2.o
configure:4535: $? = 0
configure:4532: gcc -c conftest.c -o conftest2.o
configure:4535: $? = 0
configure:4547: result: yes
configure:4566: checking dependency style of gcc
configure:4677: result: gcc3
configure:4697: checking for cppcheck
configure:4727: result: no
configure:4736: WARNING: cppcheck not found - continuing without cppcheck support
configure:4745: checking build system type
configure:4759: result: x86_64-apple-darwin14.3.0
configure:4779: checking host system type
configure:4792: result: x86_64-apple-darwin14.3.0
configure:4861: checking for boostlib >= 1.20.0
configure:4941: g++ -c -g -O2  -I/usr/local/include conftest.cpp >&5
configure:4941: $? = 0
configure:4943: result: yes
configure:5126: checking whether the Boost::Filesystem library is available
configure:5150: g++ -c -g -O2  -I/usr/local/include conftest.cpp >&5
configure:5150: $? = 0
configure:5164: result: yes
configure:5175: checking for exit in -lboost_filesystem-mt
configure:5200: gcc -o conftest -g -O2  -I/usr/local/include  -L/usr/local/lib conftest.c -lboost_filesystem-mt    >&5
conftest.c:20:6: warning: incompatible redeclaration of library function 'exit' [-Wincompatible-library-redeclaration]
char exit ();
     ^
conftest.c:20:6: note: 'exit' is a builtin with type 'void (int) __attribute__((noreturn))'
1 warning generated.
configure:5200: $? = 0
configure:5210: result: yes
configure:5360: checking whether the Boost::Program_Options library is available
configure:5384: g++ -c -g -O2  -I/usr/local/include conftest.cpp >&5
configure:5384: $? = 0
configure:5398: result: yes
configure:5409: checking for exit in -lboost_program_options-mt
configure:5434: gcc -o conftest -g -O2  -I/usr/local/include  -L/usr/local/lib conftest.c -lboost_program_options-mt   >&5
conftest.c:21:6: warning: incompatible redeclaration of library function 'exit' [-Wincompatible-library-redeclaration]
char exit ();
     ^
conftest.c:21:6: note: 'exit' is a builtin with type 'void (int) __attribute__((noreturn))'
1 warning generated.
configure:5434: $? = 0
configure:5444: result: yes
configure:5586: checking whether the Boost::Regex library is available
configure:5609: g++ -c -g -O2  -I/usr/local/include conftest.cpp >&5
conftest.cpp:19:15: warning: empty parentheses interpreted as a function declaration [-Wvexing-parse]
boost::regex r(); return 0;
              ^~
conftest.cpp:19:15: note: remove parentheses to declare a variable
boost::regex r(); return 0;
              ^~
1 warning generated.
configure:5609: $? = 0
configure:5623: result: yes
configure:5634: checking for exit in -lboost_regex-mt
configure:5659: gcc -o conftest -g -O2  -I/usr/local/include  -L/usr/local/lib conftest.c -lboost_regex-mt   >&5
conftest.c:22:6: warning: incompatible redeclaration of library function 'exit' [-Wincompatible-library-redeclaration]
char exit ();
     ^
conftest.c:22:6: note: 'exit' is a builtin with type 'void (int) __attribute__((noreturn))'
1 warning generated.
configure:5659: $? = 0
configure:5669: result: yes
configure:5814: checking whether the Boost::System library is available
configure:5838: g++ -c -g -O2  -I/usr/local/include conftest.cpp >&5
conftest.cpp:19:1: warning: expression result unused [-Wunused-value]
boost::system::system_category
^~~~~~~~~~~~~~~~~~~~~~~~~~~~~~
1 warning generated.
configure:5838: $? = 0
configure:5853: result: yes
configure:5868: checking for exit in -lboost_system-mt
configure:5893: gcc -o conftest -g -O2  -I/usr/local/include  -L/usr/local/lib conftest.c -lboost_system-mt   >&5
conftest.c:23:6: warning: incompatible redeclaration of library function 'exit' [-Wincompatible-library-redeclaration]
char exit ();
     ^
conftest.c:23:6: note: 'exit' is a builtin with type 'void (int) __attribute__((noreturn))'
1 warning generated.
configure:5893: $? = 0
configure:5903: result: yes
configure:6054: checking whether the Boost::Unit_Test_Framework library is available
configure:6077: g++ -c -g -O2  -I/usr/local/include conftest.cpp >&5
configure:6077: $? = 0
configure:6091: result: yes
configure:6216: checking how to run the C preprocessor
configure:6247: gcc -E  conftest.c
configure:6247: $? = 0
configure:6261: gcc -E  conftest.c
conftest.c:17:10: fatal error: 'ac_nonexistent.h' file not found
#include <ac_nonexistent.h>
         ^
1 error generated.
configure:6261: $? = 1
configure: failed program was:
| /* confdefs.h */
| #define PACKAGE_NAME "kmad"
| #define PACKAGE_TARNAME "kmad"
| #define PACKAGE_VERSION "0.0.0"
| #define PACKAGE_STRING "kmad 0.0.0"
| #define PACKAGE_BUGREPORT ""
| #define PACKAGE_URL ""
| #define PACKAGE "kmad"
| #define VERSION "0.0.0"
| #define HAVE_BOOST /**/
| #define HAVE_BOOST_FILESYSTEM /**/
| #define HAVE_BOOST_PROGRAM_OPTIONS /**/
| #define HAVE_BOOST_REGEX /**/
| #define HAVE_BOOST_SYSTEM /**/
| #define HAVE_BOOST_UNIT_TEST_FRAMEWORK /**/
| /* end confdefs.h.  */
| #include <ac_nonexistent.h>
configure:6286: result: gcc -E
configure:6306: gcc -E  conftest.c
configure:6306: $? = 0
configure:6320: gcc -E  conftest.c
conftest.c:17:10: fatal error: 'ac_nonexistent.h' file not found
#include <ac_nonexistent.h>
         ^
1 error generated.
configure:6320: $? = 1
configure: failed program was:
| /* confdefs.h */
| #define PACKAGE_NAME "kmad"
| #define PACKAGE_TARNAME "kmad"
| #define PACKAGE_VERSION "0.0.0"
| #define PACKAGE_STRING "kmad 0.0.0"
| #define PACKAGE_BUGREPORT ""
| #define PACKAGE_URL ""
| #define PACKAGE "kmad"
| #define VERSION "0.0.0"
| #define HAVE_BOOST /**/
| #define HAVE_BOOST_FILESYSTEM /**/
| #define HAVE_BOOST_PROGRAM_OPTIONS /**/
| #define HAVE_BOOST_REGEX /**/
| #define HAVE_BOOST_SYSTEM /**/
| #define HAVE_BOOST_UNIT_TEST_FRAMEWORK /**/
| /* end confdefs.h.  */
| #include <ac_nonexistent.h>
configure:6349: checking for grep that handles long lines and -e
configure:6407: result: /opt/local/bin/grep
configure:6412: checking for egrep
configure:6474: result: /opt/local/bin/grep -E
configure:6479: checking for ANSI C header files
configure:6499: gcc -c -g -O2  conftest.c >&5
configure:6499: $? = 0
configure:6572: gcc -o conftest -g -O2   conftest.c  >&5
configure:6572: $? = 0
configure:6572: ./conftest
configure:6572: $? = 0
configure:6583: result: yes
configure:6596: checking for sys/types.h
configure:6596: gcc -c -g -O2  conftest.c >&5
configure:6596: $? = 0
configure:6596: result: yes
configure:6596: checking for sys/stat.h
configure:6596: gcc -c -g -O2  conftest.c >&5
configure:6596: $? = 0
configure:6596: result: yes
configure:6596: checking for stdlib.h
configure:6596: gcc -c -g -O2  conftest.c >&5
configure:6596: $? = 0
configure:6596: result: yes
configure:6596: checking for string.h
configure:6596: gcc -c -g -O2  conftest.c >&5
configure:6596: $? = 0
configure:6596: result: yes
configure:6596: checking for memory.h
configure:6596: gcc -c -g -O2  conftest.c >&5
configure:6596: $? = 0
configure:6596: result: yes
configure:6596: checking for strings.h
configure:6596: gcc -c -g -O2  conftest.c >&5
configure:6596: $? = 0
configure:6596: result: yes
configure:6596: checking for inttypes.h
configure:6596: gcc -c -g -O2  conftest.c >&5
configure:6596: $? = 0
configure:6596: result: yes
configure:6596: checking for stdint.h
configure:6596: gcc -c -g -O2  conftest.c >&5
configure:6596: $? = 0
configure:6596: result: yes
configure:6596: checking for unistd.h
configure:6596: gcc -c -g -O2  conftest.c >&5
configure:6596: $? = 0
configure:6596: result: yes
configure:6611: checking sys/ioctl.h usability
configure:6611: gcc -c -g -O2  conftest.c >&5
configure:6611: $? = 0
configure:6611: result: yes
configure:6611: checking sys/ioctl.h presence
configure:6611: gcc -E  conftest.c
configure:6611: $? = 0
configure:6611: result: yes
configure:6611: checking for sys/ioctl.h
configure:6611: result: yes
configure:6611: checking termios.h usability
configure:6611: gcc -c -g -O2  conftest.c >&5
configure:6611: $? = 0
configure:6611: result: yes
configure:6611: checking termios.h presence
configure:6611: gcc -E  conftest.c
configure:6611: $? = 0
configure:6611: result: yes
configure:6611: checking for termios.h
configure:6611: result: yes
configure:6611: checking libconfig.h usability
configure:6611: gcc -c -g -O2  conftest.c >&5
configure:6611: $? = 0
configure:6611: result: yes
configure:6611: checking libconfig.h presence
configure:6611: gcc -E  conftest.c
configure:6611: $? = 0
configure:6611: result: yes
configure:6611: checking for libconfig.h
configure:6611: result: yes
configure:6624: checking for inline
configure:6640: gcc -c -g -O2  conftest.c >&5
configure:6640: $? = 0
configure:6648: result: inline
configure:6666: checking for int16_t
configure:6666: gcc -c -g -O2  conftest.c >&5
configure:6666: $? = 0
configure:6666: gcc -c -g -O2  conftest.c >&5
conftest.c:67:24: error: 'test_array' declared as an array with a negative size
static int test_array [1 - 2 * !((int16_t) (((((int16_t) 1 << N) << N) - 1) * 2 + 1)
                       ^~~~~~~~~~~~~~~~~~~~~~~~~~~~~~~~~~~~~~~~~~~~~~~~~~~~~~~~~~~~~
1 error generated.
configure:6666: $? = 1
configure: failed program was:
| /* confdefs.h */
| #define PACKAGE_NAME "kmad"
| #define PACKAGE_TARNAME "kmad"
| #define PACKAGE_VERSION "0.0.0"
| #define PACKAGE_STRING "kmad 0.0.0"
| #define PACKAGE_BUGREPORT ""
| #define PACKAGE_URL ""
| #define PACKAGE "kmad"
| #define VERSION "0.0.0"
| #define HAVE_BOOST /**/
| #define HAVE_BOOST_FILESYSTEM /**/
| #define HAVE_BOOST_PROGRAM_OPTIONS /**/
| #define HAVE_BOOST_REGEX /**/
| #define HAVE_BOOST_SYSTEM /**/
| #define HAVE_BOOST_UNIT_TEST_FRAMEWORK /**/
| #define STDC_HEADERS 1
| #define HAVE_SYS_TYPES_H 1
| #define HAVE_SYS_STAT_H 1
| #define HAVE_STDLIB_H 1
| #define HAVE_STRING_H 1
| #define HAVE_MEMORY_H 1
| #define HAVE_STRINGS_H 1
| #define HAVE_INTTYPES_H 1
| #define HAVE_STDINT_H 1
| #define HAVE_UNISTD_H 1
| #define HAVE_SYS_IOCTL_H 1
| #define HAVE_TERMIOS_H 1
| #define HAVE_LIBCONFIG_H 1
| /* end confdefs.h.  */
| #include <stdio.h>
| #ifdef HAVE_SYS_TYPES_H
| # include <sys/types.h>
| #endif
| #ifdef HAVE_SYS_STAT_H
| # include <sys/stat.h>
| #endif
| #ifdef STDC_HEADERS
| # include <stdlib.h>
| # include <stddef.h>
| #else
| # ifdef HAVE_STDLIB_H
| #  include <stdlib.h>
| # endif
| #endif
| #ifdef HAVE_STRING_H
| # if !defined STDC_HEADERS && defined HAVE_MEMORY_H
| #  include <memory.h>
| # endif
| # include <string.h>
| #endif
| #ifdef HAVE_STRINGS_H
| # include <strings.h>
| #endif
| #ifdef HAVE_INTTYPES_H
| # include <inttypes.h>
| #endif
| #ifdef HAVE_STDINT_H
| # include <stdint.h>
| #endif
| #ifdef HAVE_UNISTD_H
| # include <unistd.h>
| #endif
| 	        enum { N = 16 / 2 - 1 };
| int
| main ()
| {
| static int test_array [1 - 2 * !((int16_t) (((((int16_t) 1 << N) << N) - 1) * 2 + 1)
| 		 < (int16_t) (((((int16_t) 1 << N) << N) - 1) * 2 + 2))];
| test_array [0] = 0;
| return test_array [0];
| 
|   ;
|   return 0;
| }
configure:6666: result: yes
configure:6677: checking for int32_t
configure:6677: gcc -c -g -O2  conftest.c >&5
configure:6677: $? = 0
configure:6677: gcc -c -g -O2  conftest.c >&5
conftest.c:67:24: error: 'test_array' declared as an array with a negative size
static int test_array [1 - 2 * !((int32_t) (((((int32_t) 1 << N) << N) - 1) * 2 + 1)
                       ^~~~~~~~~~~~~~~~~~~~~~~~~~~~~~~~~~~~~~~~~~~~~~~~~~~~~~~~~~~~~
1 error generated.
configure:6677: $? = 1
configure: failed program was:
| /* confdefs.h */
| #define PACKAGE_NAME "kmad"
| #define PACKAGE_TARNAME "kmad"
| #define PACKAGE_VERSION "0.0.0"
| #define PACKAGE_STRING "kmad 0.0.0"
| #define PACKAGE_BUGREPORT ""
| #define PACKAGE_URL ""
| #define PACKAGE "kmad"
| #define VERSION "0.0.0"
| #define HAVE_BOOST /**/
| #define HAVE_BOOST_FILESYSTEM /**/
| #define HAVE_BOOST_PROGRAM_OPTIONS /**/
| #define HAVE_BOOST_REGEX /**/
| #define HAVE_BOOST_SYSTEM /**/
| #define HAVE_BOOST_UNIT_TEST_FRAMEWORK /**/
| #define STDC_HEADERS 1
| #define HAVE_SYS_TYPES_H 1
| #define HAVE_SYS_STAT_H 1
| #define HAVE_STDLIB_H 1
| #define HAVE_STRING_H 1
| #define HAVE_MEMORY_H 1
| #define HAVE_STRINGS_H 1
| #define HAVE_INTTYPES_H 1
| #define HAVE_STDINT_H 1
| #define HAVE_UNISTD_H 1
| #define HAVE_SYS_IOCTL_H 1
| #define HAVE_TERMIOS_H 1
| #define HAVE_LIBCONFIG_H 1
| /* end confdefs.h.  */
| #include <stdio.h>
| #ifdef HAVE_SYS_TYPES_H
| # include <sys/types.h>
| #endif
| #ifdef HAVE_SYS_STAT_H
| # include <sys/stat.h>
| #endif
| #ifdef STDC_HEADERS
| # include <stdlib.h>
| # include <stddef.h>
| #else
| # ifdef HAVE_STDLIB_H
| #  include <stdlib.h>
| # endif
| #endif
| #ifdef HAVE_STRING_H
| # if !defined STDC_HEADERS && defined HAVE_MEMORY_H
| #  include <memory.h>
| # endif
| # include <string.h>
| #endif
| #ifdef HAVE_STRINGS_H
| # include <strings.h>
| #endif
| #ifdef HAVE_INTTYPES_H
| # include <inttypes.h>
| #endif
| #ifdef HAVE_STDINT_H
| # include <stdint.h>
| #endif
| #ifdef HAVE_UNISTD_H
| # include <unistd.h>
| #endif
| 	        enum { N = 32 / 2 - 1 };
| int
| main ()
| {
| static int test_array [1 - 2 * !((int32_t) (((((int32_t) 1 << N) << N) - 1) * 2 + 1)
| 		 < (int32_t) (((((int32_t) 1 << N) << N) - 1) * 2 + 2))];
| test_array [0] = 0;
| return test_array [0];
| 
|   ;
|   return 0;
| }
configure:6677: result: yes
configure:6688: checking for int64_t
configure:6688: gcc -c -g -O2  conftest.c >&5
configure:6688: $? = 0
configure:6688: gcc -c -g -O2  conftest.c >&5
conftest.c:67:24: error: 'test_array' declared as an array with a negative size
static int test_array [1 - 2 * !((int64_t) (((((int64_t) 1 << N) << N) - 1) * 2 + 1)
                       ^~~~~~~~~~~~~~~~~~~~~~~~~~~~~~~~~~~~~~~~~~~~~~~~~~~~~~~~~~~~~
1 error generated.
configure:6688: $? = 1
configure: failed program was:
| /* confdefs.h */
| #define PACKAGE_NAME "kmad"
| #define PACKAGE_TARNAME "kmad"
| #define PACKAGE_VERSION "0.0.0"
| #define PACKAGE_STRING "kmad 0.0.0"
| #define PACKAGE_BUGREPORT ""
| #define PACKAGE_URL ""
| #define PACKAGE "kmad"
| #define VERSION "0.0.0"
| #define HAVE_BOOST /**/
| #define HAVE_BOOST_FILESYSTEM /**/
| #define HAVE_BOOST_PROGRAM_OPTIONS /**/
| #define HAVE_BOOST_REGEX /**/
| #define HAVE_BOOST_SYSTEM /**/
| #define HAVE_BOOST_UNIT_TEST_FRAMEWORK /**/
| #define STDC_HEADERS 1
| #define HAVE_SYS_TYPES_H 1
| #define HAVE_SYS_STAT_H 1
| #define HAVE_STDLIB_H 1
| #define HAVE_STRING_H 1
| #define HAVE_MEMORY_H 1
| #define HAVE_STRINGS_H 1
| #define HAVE_INTTYPES_H 1
| #define HAVE_STDINT_H 1
| #define HAVE_UNISTD_H 1
| #define HAVE_SYS_IOCTL_H 1
| #define HAVE_TERMIOS_H 1
| #define HAVE_LIBCONFIG_H 1
| /* end confdefs.h.  */
| #include <stdio.h>
| #ifdef HAVE_SYS_TYPES_H
| # include <sys/types.h>
| #endif
| #ifdef HAVE_SYS_STAT_H
| # include <sys/stat.h>
| #endif
| #ifdef STDC_HEADERS
| # include <stdlib.h>
| # include <stddef.h>
| #else
| # ifdef HAVE_STDLIB_H
| #  include <stdlib.h>
| # endif
| #endif
| #ifdef HAVE_STRING_H
| # if !defined STDC_HEADERS && defined HAVE_MEMORY_H
| #  include <memory.h>
| # endif
| # include <string.h>
| #endif
| #ifdef HAVE_STRINGS_H
| # include <strings.h>
| #endif
| #ifdef HAVE_INTTYPES_H
| # include <inttypes.h>
| #endif
| #ifdef HAVE_STDINT_H
| # include <stdint.h>
| #endif
| #ifdef HAVE_UNISTD_H
| # include <unistd.h>
| #endif
| 	        enum { N = 64 / 2 - 1 };
| int
| main ()
| {
| static int test_array [1 - 2 * !((int64_t) (((((int64_t) 1 << N) << N) - 1) * 2 + 1)
| 		 < (int64_t) (((((int64_t) 1 << N) << N) - 1) * 2 + 2))];
| test_array [0] = 0;
| return test_array [0];
| 
|   ;
|   return 0;
| }
configure:6688: result: yes
configure:6699: checking for int8_t
configure:6699: gcc -c -g -O2  conftest.c >&5
configure:6699: $? = 0
configure:6699: gcc -c -g -O2  conftest.c >&5
conftest.c:67:24: error: 'test_array' declared as an array with a negative size
static int test_array [1 - 2 * !((int8_t) (((((int8_t) 1 << N) << N) - 1) * 2 + 1)
                       ^~~~~~~~~~~~~~~~~~~~~~~~~~~~~~~~~~~~~~~~~~~~~~~~~~~~~~~~~~~
1 error generated.
configure:6699: $? = 1
configure: failed program was:
| /* confdefs.h */
| #define PACKAGE_NAME "kmad"
| #define PACKAGE_TARNAME "kmad"
| #define PACKAGE_VERSION "0.0.0"
| #define PACKAGE_STRING "kmad 0.0.0"
| #define PACKAGE_BUGREPORT ""
| #define PACKAGE_URL ""
| #define PACKAGE "kmad"
| #define VERSION "0.0.0"
| #define HAVE_BOOST /**/
| #define HAVE_BOOST_FILESYSTEM /**/
| #define HAVE_BOOST_PROGRAM_OPTIONS /**/
| #define HAVE_BOOST_REGEX /**/
| #define HAVE_BOOST_SYSTEM /**/
| #define HAVE_BOOST_UNIT_TEST_FRAMEWORK /**/
| #define STDC_HEADERS 1
| #define HAVE_SYS_TYPES_H 1
| #define HAVE_SYS_STAT_H 1
| #define HAVE_STDLIB_H 1
| #define HAVE_STRING_H 1
| #define HAVE_MEMORY_H 1
| #define HAVE_STRINGS_H 1
| #define HAVE_INTTYPES_H 1
| #define HAVE_STDINT_H 1
| #define HAVE_UNISTD_H 1
| #define HAVE_SYS_IOCTL_H 1
| #define HAVE_TERMIOS_H 1
| #define HAVE_LIBCONFIG_H 1
| /* end confdefs.h.  */
| #include <stdio.h>
| #ifdef HAVE_SYS_TYPES_H
| # include <sys/types.h>
| #endif
| #ifdef HAVE_SYS_STAT_H
| # include <sys/stat.h>
| #endif
| #ifdef STDC_HEADERS
| # include <stdlib.h>
| # include <stddef.h>
| #else
| # ifdef HAVE_STDLIB_H
| #  include <stdlib.h>
| # endif
| #endif
| #ifdef HAVE_STRING_H
| # if !defined STDC_HEADERS && defined HAVE_MEMORY_H
| #  include <memory.h>
| # endif
| # include <string.h>
| #endif
| #ifdef HAVE_STRINGS_H
| # include <strings.h>
| #endif
| #ifdef HAVE_INTTYPES_H
| # include <inttypes.h>
| #endif
| #ifdef HAVE_STDINT_H
| # include <stdint.h>
| #endif
| #ifdef HAVE_UNISTD_H
| # include <unistd.h>
| #endif
| 	        enum { N = 8 / 2 - 1 };
| int
| main ()
| {
| static int test_array [1 - 2 * !((int8_t) (((((int8_t) 1 << N) << N) - 1) * 2 + 1)
| 		 < (int8_t) (((((int8_t) 1 << N) << N) - 1) * 2 + 2))];
| test_array [0] = 0;
| return test_array [0];
| 
|   ;
|   return 0;
| }
configure:6699: result: yes
configure:6710: checking for size_t
configure:6710: gcc -c -g -O2  conftest.c >&5
configure:6710: $? = 0
configure:6710: gcc -c -g -O2  conftest.c >&5
conftest.c:66:21: error: expected expression
if (sizeof ((size_t)))
                    ^
1 error generated.
configure:6710: $? = 1
configure: failed program was:
| /* confdefs.h */
| #define PACKAGE_NAME "kmad"
| #define PACKAGE_TARNAME "kmad"
| #define PACKAGE_VERSION "0.0.0"
| #define PACKAGE_STRING "kmad 0.0.0"
| #define PACKAGE_BUGREPORT ""
| #define PACKAGE_URL ""
| #define PACKAGE "kmad"
| #define VERSION "0.0.0"
| #define HAVE_BOOST /**/
| #define HAVE_BOOST_FILESYSTEM /**/
| #define HAVE_BOOST_PROGRAM_OPTIONS /**/
| #define HAVE_BOOST_REGEX /**/
| #define HAVE_BOOST_SYSTEM /**/
| #define HAVE_BOOST_UNIT_TEST_FRAMEWORK /**/
| #define STDC_HEADERS 1
| #define HAVE_SYS_TYPES_H 1
| #define HAVE_SYS_STAT_H 1
| #define HAVE_STDLIB_H 1
| #define HAVE_STRING_H 1
| #define HAVE_MEMORY_H 1
| #define HAVE_STRINGS_H 1
| #define HAVE_INTTYPES_H 1
| #define HAVE_STDINT_H 1
| #define HAVE_UNISTD_H 1
| #define HAVE_SYS_IOCTL_H 1
| #define HAVE_TERMIOS_H 1
| #define HAVE_LIBCONFIG_H 1
| /* end confdefs.h.  */
| #include <stdio.h>
| #ifdef HAVE_SYS_TYPES_H
| # include <sys/types.h>
| #endif
| #ifdef HAVE_SYS_STAT_H
| # include <sys/stat.h>
| #endif
| #ifdef STDC_HEADERS
| # include <stdlib.h>
| # include <stddef.h>
| #else
| # ifdef HAVE_STDLIB_H
| #  include <stdlib.h>
| # endif
| #endif
| #ifdef HAVE_STRING_H
| # if !defined STDC_HEADERS && defined HAVE_MEMORY_H
| #  include <memory.h>
| # endif
| # include <string.h>
| #endif
| #ifdef HAVE_STRINGS_H
| # include <strings.h>
| #endif
| #ifdef HAVE_INTTYPES_H
| # include <inttypes.h>
| #endif
| #ifdef HAVE_STDINT_H
| # include <stdint.h>
| #endif
| #ifdef HAVE_UNISTD_H
| # include <unistd.h>
| #endif
| int
| main ()
| {
| if (sizeof ((size_t)))
| 	    return 0;
|   ;
|   return 0;
| }
configure:6710: result: yes
configure:6721: checking for uint16_t
configure:6721: gcc -c -g -O2  conftest.c >&5
configure:6721: $? = 0
configure:6721: result: yes
configure:6733: checking for uint32_t
configure:6733: gcc -c -g -O2  conftest.c >&5
configure:6733: $? = 0
configure:6733: result: yes
configure:6747: checking for uint64_t
configure:6747: gcc -c -g -O2  conftest.c >&5
configure:6747: $? = 0
configure:6747: result: yes
configure:6761: checking for uint8_t
configure:6761: gcc -c -g -O2  conftest.c >&5
configure:6761: $? = 0
configure:6761: result: yes
configure:6777: checking for error_at_line
configure:6793: gcc -o conftest -g -O2   conftest.c  >&5
conftest.c:30:10: fatal error: 'error.h' file not found
#include <error.h>
         ^
1 error generated.
configure:6793: $? = 1
configure: failed program was:
| /* confdefs.h */
| #define PACKAGE_NAME "kmad"
| #define PACKAGE_TARNAME "kmad"
| #define PACKAGE_VERSION "0.0.0"
| #define PACKAGE_STRING "kmad 0.0.0"
| #define PACKAGE_BUGREPORT ""
| #define PACKAGE_URL ""
| #define PACKAGE "kmad"
| #define VERSION "0.0.0"
| #define HAVE_BOOST /**/
| #define HAVE_BOOST_FILESYSTEM /**/
| #define HAVE_BOOST_PROGRAM_OPTIONS /**/
| #define HAVE_BOOST_REGEX /**/
| #define HAVE_BOOST_SYSTEM /**/
| #define HAVE_BOOST_UNIT_TEST_FRAMEWORK /**/
| #define STDC_HEADERS 1
| #define HAVE_SYS_TYPES_H 1
| #define HAVE_SYS_STAT_H 1
| #define HAVE_STDLIB_H 1
| #define HAVE_STRING_H 1
| #define HAVE_MEMORY_H 1
| #define HAVE_STRINGS_H 1
| #define HAVE_INTTYPES_H 1
| #define HAVE_STDINT_H 1
| #define HAVE_UNISTD_H 1
| #define HAVE_SYS_IOCTL_H 1
| #define HAVE_TERMIOS_H 1
| #define HAVE_LIBCONFIG_H 1
| /* end confdefs.h.  */
| #include <error.h>
| int
| main ()
| {
| error_at_line (0, 0, "", 0, "an error occurred");
|   ;
|   return 0;
| }
configure:6801: result: no
configure:6812: checking for pid_t
configure:6812: gcc -c -g -O2  conftest.c >&5
configure:6812: $? = 0
configure:6812: gcc -c -g -O2  conftest.c >&5
conftest.c:66:20: error: expected expression
if (sizeof ((pid_t)))
                   ^
1 error generated.
configure:6812: $? = 1
configure: failed program was:
| /* confdefs.h */
| #define PACKAGE_NAME "kmad"
| #define PACKAGE_TARNAME "kmad"
| #define PACKAGE_VERSION "0.0.0"
| #define PACKAGE_STRING "kmad 0.0.0"
| #define PACKAGE_BUGREPORT ""
| #define PACKAGE_URL ""
| #define PACKAGE "kmad"
| #define VERSION "0.0.0"
| #define HAVE_BOOST /**/
| #define HAVE_BOOST_FILESYSTEM /**/
| #define HAVE_BOOST_PROGRAM_OPTIONS /**/
| #define HAVE_BOOST_REGEX /**/
| #define HAVE_BOOST_SYSTEM /**/
| #define HAVE_BOOST_UNIT_TEST_FRAMEWORK /**/
| #define STDC_HEADERS 1
| #define HAVE_SYS_TYPES_H 1
| #define HAVE_SYS_STAT_H 1
| #define HAVE_STDLIB_H 1
| #define HAVE_STRING_H 1
| #define HAVE_MEMORY_H 1
| #define HAVE_STRINGS_H 1
| #define HAVE_INTTYPES_H 1
| #define HAVE_STDINT_H 1
| #define HAVE_UNISTD_H 1
| #define HAVE_SYS_IOCTL_H 1
| #define HAVE_TERMIOS_H 1
| #define HAVE_LIBCONFIG_H 1
| /* end confdefs.h.  */
| #include <stdio.h>
| #ifdef HAVE_SYS_TYPES_H
| # include <sys/types.h>
| #endif
| #ifdef HAVE_SYS_STAT_H
| # include <sys/stat.h>
| #endif
| #ifdef STDC_HEADERS
| # include <stdlib.h>
| # include <stddef.h>
| #else
| # ifdef HAVE_STDLIB_H
| #  include <stdlib.h>
| # endif
| #endif
| #ifdef HAVE_STRING_H
| # if !defined STDC_HEADERS && defined HAVE_MEMORY_H
| #  include <memory.h>
| # endif
| # include <string.h>
| #endif
| #ifdef HAVE_STRINGS_H
| # include <strings.h>
| #endif
| #ifdef HAVE_INTTYPES_H
| # include <inttypes.h>
| #endif
| #ifdef HAVE_STDINT_H
| # include <stdint.h>
| #endif
| #ifdef HAVE_UNISTD_H
| # include <unistd.h>
| #endif
| int
| main ()
| {
| if (sizeof ((pid_t)))
| 	    return 0;
|   ;
|   return 0;
| }
configure:6812: result: yes
configure:6825: checking vfork.h usability
configure:6825: gcc -c -g -O2  conftest.c >&5
conftest.c:63:10: fatal error: 'vfork.h' file not found
#include <vfork.h>
         ^
1 error generated.
configure:6825: $? = 1
configure: failed program was:
| /* confdefs.h */
| #define PACKAGE_NAME "kmad"
| #define PACKAGE_TARNAME "kmad"
| #define PACKAGE_VERSION "0.0.0"
| #define PACKAGE_STRING "kmad 0.0.0"
| #define PACKAGE_BUGREPORT ""
| #define PACKAGE_URL ""
| #define PACKAGE "kmad"
| #define VERSION "0.0.0"
| #define HAVE_BOOST /**/
| #define HAVE_BOOST_FILESYSTEM /**/
| #define HAVE_BOOST_PROGRAM_OPTIONS /**/
| #define HAVE_BOOST_REGEX /**/
| #define HAVE_BOOST_SYSTEM /**/
| #define HAVE_BOOST_UNIT_TEST_FRAMEWORK /**/
| #define STDC_HEADERS 1
| #define HAVE_SYS_TYPES_H 1
| #define HAVE_SYS_STAT_H 1
| #define HAVE_STDLIB_H 1
| #define HAVE_STRING_H 1
| #define HAVE_MEMORY_H 1
| #define HAVE_STRINGS_H 1
| #define HAVE_INTTYPES_H 1
| #define HAVE_STDINT_H 1
| #define HAVE_UNISTD_H 1
| #define HAVE_SYS_IOCTL_H 1
| #define HAVE_TERMIOS_H 1
| #define HAVE_LIBCONFIG_H 1
| /* end confdefs.h.  */
| #include <stdio.h>
| #ifdef HAVE_SYS_TYPES_H
| # include <sys/types.h>
| #endif
| #ifdef HAVE_SYS_STAT_H
| # include <sys/stat.h>
| #endif
| #ifdef STDC_HEADERS
| # include <stdlib.h>
| # include <stddef.h>
| #else
| # ifdef HAVE_STDLIB_H
| #  include <stdlib.h>
| # endif
| #endif
| #ifdef HAVE_STRING_H
| # if !defined STDC_HEADERS && defined HAVE_MEMORY_H
| #  include <memory.h>
| # endif
| # include <string.h>
| #endif
| #ifdef HAVE_STRINGS_H
| # include <strings.h>
| #endif
| #ifdef HAVE_INTTYPES_H
| # include <inttypes.h>
| #endif
| #ifdef HAVE_STDINT_H
| # include <stdint.h>
| #endif
| #ifdef HAVE_UNISTD_H
| # include <unistd.h>
| #endif
| #include <vfork.h>
configure:6825: result: no
configure:6825: checking vfork.h presence
configure:6825: gcc -E  conftest.c
conftest.c:30:10: fatal error: 'vfork.h' file not found
#include <vfork.h>
         ^
1 error generated.
configure:6825: $? = 1
configure: failed program was:
| /* confdefs.h */
| #define PACKAGE_NAME "kmad"
| #define PACKAGE_TARNAME "kmad"
| #define PACKAGE_VERSION "0.0.0"
| #define PACKAGE_STRING "kmad 0.0.0"
| #define PACKAGE_BUGREPORT ""
| #define PACKAGE_URL ""
| #define PACKAGE "kmad"
| #define VERSION "0.0.0"
| #define HAVE_BOOST /**/
| #define HAVE_BOOST_FILESYSTEM /**/
| #define HAVE_BOOST_PROGRAM_OPTIONS /**/
| #define HAVE_BOOST_REGEX /**/
| #define HAVE_BOOST_SYSTEM /**/
| #define HAVE_BOOST_UNIT_TEST_FRAMEWORK /**/
| #define STDC_HEADERS 1
| #define HAVE_SYS_TYPES_H 1
| #define HAVE_SYS_STAT_H 1
| #define HAVE_STDLIB_H 1
| #define HAVE_STRING_H 1
| #define HAVE_MEMORY_H 1
| #define HAVE_STRINGS_H 1
| #define HAVE_INTTYPES_H 1
| #define HAVE_STDINT_H 1
| #define HAVE_UNISTD_H 1
| #define HAVE_SYS_IOCTL_H 1
| #define HAVE_TERMIOS_H 1
| #define HAVE_LIBCONFIG_H 1
| /* end confdefs.h.  */
| #include <vfork.h>
configure:6825: result: no
configure:6825: checking for vfork.h
configure:6825: result: no
configure:6838: checking for fork
configure:6838: gcc -o conftest -g -O2   conftest.c  >&5
configure:6838: $? = 0
configure:6838: result: yes
configure:6838: checking for vfork
configure:6838: gcc -o conftest -g -O2   conftest.c  >&5
conftest.c:54:6: warning: incompatible redeclaration of library function 'vfork' [-Wincompatible-library-redeclaration]
char vfork ();
     ^
conftest.c:54:6: note: 'vfork' is a builtin with type 'int (void)'
1 warning generated.
configure:6838: $? = 0
configure:6838: result: yes
configure:6848: checking for working fork
configure:6870: gcc -o conftest -g -O2   conftest.c  >&5
configure:6870: $? = 0
configure:6870: ./conftest
configure:6870: $? = 0
configure:6880: result: yes
configure:6901: checking for working vfork
configure:7011: result: yes
configure:7039: checking for dup2
configure:7039: gcc -o conftest -g -O2   conftest.c  >&5
configure:7039: $? = 0
configure:7039: result: yes
configure:7039: checking for floor
configure:7039: gcc -o conftest -g -O2   conftest.c  >&5
conftest.c:58:6: warning: incompatible redeclaration of library function 'floor' [-Wincompatible-library-redeclaration]
char floor ();
     ^
conftest.c:58:6: note: 'floor' is a builtin with type 'double (double)'
1 warning generated.
configure:7039: $? = 0
configure:7039: result: yes
configure:7039: checking for pow
configure:7039: gcc -o conftest -g -O2   conftest.c  >&5
conftest.c:59:6: warning: incompatible redeclaration of library function 'pow' [-Wincompatible-library-redeclaration]
char pow ();
     ^
conftest.c:59:6: note: 'pow' is a builtin with type 'double (double, double)'
1 warning generated.
configure:7039: $? = 0
configure:7039: result: yes
configure:7039: checking for socket
configure:7039: gcc -o conftest -g -O2   conftest.c  >&5
configure:7039: $? = 0
configure:7039: result: yes
configure:7039: checking for sqrt
configure:7039: gcc -o conftest -g -O2   conftest.c  >&5
conftest.c:61:6: warning: incompatible redeclaration of library function 'sqrt' [-Wincompatible-library-redeclaration]
char sqrt ();
     ^
conftest.c:61:6: note: 'sqrt' is a builtin with type 'double (double)'
1 warning generated.
configure:7039: $? = 0
configure:7039: result: yes
configure:7039: checking for strchr
configure:7039: gcc -o conftest -g -O2   conftest.c  >&5
conftest.c:62:6: warning: incompatible redeclaration of library function 'strchr' [-Wincompatible-library-redeclaration]
char strchr ();
     ^
conftest.c:62:6: note: 'strchr' is a builtin with type 'char *(const char *, int)'
1 warning generated.
configure:7039: $? = 0
configure:7039: result: yes
configure:7039: checking for strerror
configure:7039: gcc -o conftest -g -O2   conftest.c  >&5
conftest.c:63:6: warning: incompatible redeclaration of library function 'strerror' [-Wincompatible-library-redeclaration]
char strerror ();
     ^
conftest.c:63:6: note: 'strerror' is a builtin with type 'char *(int)'
1 warning generated.
configure:7039: $? = 0
configure:7039: result: yes
configure:7160: checking that generated files are newer than configure
configure:7166: result: done
configure:7197: creating ./config.status

## ---------------------- ##
## Running config.status. ##
## ---------------------- ##

This file was extended by kmad config.status 0.0.0, which was
generated by GNU Autoconf 2.69.  Invocation command line was

  CONFIG_FILES    = 
  CONFIG_HEADERS  = 
  CONFIG_LINKS    = 
  CONFIG_COMMANDS = 
  $ ./config.status 

on MacBook-Pro-Joanna.local

config.status:896: creating Makefile
config.status:896: creating config.h
config.status:1125: executing depfiles commands

## ---------------- ##
## Cache variables. ##
## ---------------- ##

ac_cv_build=x86_64-apple-darwin14.3.0
ac_cv_c_compiler_gnu=yes
ac_cv_c_inline=inline
ac_cv_c_int16_t=yes
ac_cv_c_int32_t=yes
ac_cv_c_int64_t=yes
ac_cv_c_int8_t=yes
ac_cv_c_uint16_t=yes
ac_cv_c_uint32_t=yes
ac_cv_c_uint64_t=yes
ac_cv_c_uint8_t=yes
ac_cv_cxx_compiler_gnu=yes
ac_cv_env_CCC_set=
ac_cv_env_CCC_value=
ac_cv_env_CC_set=
ac_cv_env_CC_value=
ac_cv_env_CFLAGS_set=
ac_cv_env_CFLAGS_value=
ac_cv_env_CPPFLAGS_set=
ac_cv_env_CPPFLAGS_value=
ac_cv_env_CPP_set=
ac_cv_env_CPP_value=
ac_cv_env_CXXFLAGS_set=
ac_cv_env_CXXFLAGS_value=
ac_cv_env_CXX_set=
ac_cv_env_CXX_value=
ac_cv_env_LDFLAGS_set=
ac_cv_env_LDFLAGS_value=
ac_cv_env_LIBS_set=
ac_cv_env_LIBS_value=
ac_cv_env_build_alias_set=
ac_cv_env_build_alias_value=
ac_cv_env_host_alias_set=
ac_cv_env_host_alias_value=
ac_cv_env_target_alias_set=
ac_cv_env_target_alias_value=
ac_cv_func_dup2=yes
ac_cv_func_floor=yes
ac_cv_func_fork=yes
ac_cv_func_fork_works=yes
ac_cv_func_pow=yes
ac_cv_func_socket=yes
ac_cv_func_sqrt=yes
ac_cv_func_strchr=yes
ac_cv_func_strerror=yes
ac_cv_func_vfork=yes
ac_cv_func_vfork_works=yes
ac_cv_header_inttypes_h=yes
ac_cv_header_libconfig_h=yes
ac_cv_header_memory_h=yes
ac_cv_header_stdc=yes
ac_cv_header_stdint_h=yes
ac_cv_header_stdlib_h=yes
ac_cv_header_string_h=yes
ac_cv_header_strings_h=yes
ac_cv_header_sys_ioctl_h=yes
ac_cv_header_sys_stat_h=yes
ac_cv_header_sys_types_h=yes
ac_cv_header_termios_h=yes
ac_cv_header_unistd_h=yes
ac_cv_header_vfork_h=no
ac_cv_host=x86_64-apple-darwin14.3.0
ac_cv_lib_boost_filesystem_mt___exit=yes
ac_cv_lib_boost_program_options_mt___exit=yes
ac_cv_lib_boost_regex_mt___exit=yes
ac_cv_lib_boost_system_mt___exit=yes
ac_cv_lib_error_at_line=no
ac_cv_objext=o
ac_cv_path_EGREP='/opt/local/bin/grep -E'
ac_cv_path_GREP=/opt/local/bin/grep
ac_cv_path_install='/opt/local/bin/ginstall -c'
ac_cv_path_mkdir=/opt/local/bin/gmkdir
ac_cv_prog_AWK=gawk
ac_cv_prog_CPP='gcc -E'
ac_cv_prog_ac_ct_CC=gcc
ac_cv_prog_ac_ct_CXX=g++
ac_cv_prog_cc_c89=
ac_cv_prog_cc_g=yes
ac_cv_prog_cxx_g=yes
ac_cv_prog_make_make_set=yes
ac_cv_type_pid_t=yes
ac_cv_type_size_t=yes
am_cv_CC_dependencies_compiler_type=gcc3
am_cv_CXX_dependencies_compiler_type=gcc3
am_cv_make_support_nested_variables=yes
am_cv_prog_cc_c_o=yes
ax_cv_boost_filesystem=yes
ax_cv_boost_program_options=yes
ax_cv_boost_regex=yes
ax_cv_boost_system=yes
ax_cv_boost_unit_test_framework=yes

## ----------------- ##
## Output variables. ##
## ----------------- ##

ACLOCAL='${SHELL} /Users/joanna/Documents/cmbiDocuments/kmad/config/missing aclocal-1.15'
AMDEPBACKSLASH='\'
AMDEP_FALSE='#'
AMDEP_TRUE=''
AMTAR='$${TAR-tar}'
AM_BACKSLASH='\'
AM_DEFAULT_V='$(AM_DEFAULT_VERBOSITY)'
AM_DEFAULT_VERBOSITY='1'
AM_V='$(V)'
AUTOCONF='${SHELL} /Users/joanna/Documents/cmbiDocuments/kmad/config/missing autoconf'
AUTOHEADER='${SHELL} /Users/joanna/Documents/cmbiDocuments/kmad/config/missing autoheader'
AUTOMAKE='${SHELL} /Users/joanna/Documents/cmbiDocuments/kmad/config/missing automake-1.15'
AWK='gawk'
BOOST_CPPFLAGS='-I/usr/local/include'
BOOST_FILESYSTEM_LIB='-lboost_filesystem-mt'
BOOST_LDFLAGS='-L/usr/local/lib'
BOOST_PROGRAM_OPTIONS_LIB='-lboost_program_options-mt'
BOOST_REGEX_LIB='-lboost_regex-mt'
BOOST_SYSTEM_LIB='-lboost_system-mt'
BOOST_UNIT_TEST_FRAMEWORK_LIB='-lboost_unit_test_framework-mt'
CC='gcc'
CCDEPMODE='depmode=gcc3'
CFLAGS='-g -O2'
CPP='gcc -E'
CPPCHECK=''
CPPFLAGS=''
CXX='g++'
CXXDEPMODE='depmode=gcc3'
CXXFLAGS='-g -O2'
CYGPATH_W='echo'
DEFS='-DHAVE_CONFIG_H'
DEPDIR='.deps'
ECHO_C='\c'
ECHO_N=''
ECHO_T=''
EGREP='/opt/local/bin/grep -E'
EXEEXT=''
GREP='/opt/local/bin/grep'
HAVE_CPPCHECK_FALSE=''
HAVE_CPPCHECK_TRUE='#'
INSTALL_DATA='${INSTALL} -m 644'
INSTALL_PROGRAM='${INSTALL}'
INSTALL_SCRIPT='${INSTALL}'
INSTALL_STRIP_PROGRAM='$(install_sh) -c -s'
LDFLAGS=''
LIBOBJS=' ${LIBOBJDIR}error$U.o'
LIBS=''
LTLIBOBJS=' ${LIBOBJDIR}error$U.lo'
MAKEINFO='${SHELL} /Users/joanna/Documents/cmbiDocuments/kmad/config/missing makeinfo'
MKDIR_P='/opt/local/bin/gmkdir -p'
OBJEXT='o'
PACKAGE='kmad'
PACKAGE_BUGREPORT=''
PACKAGE_NAME='kmad'
PACKAGE_STRING='kmad 0.0.0'
PACKAGE_TARNAME='kmad'
PACKAGE_URL=''
PACKAGE_VERSION='0.0.0'
PATH_SEPARATOR=':'
SET_MAKE=''
SHELL='/bin/sh'
STRIP=''
VERSION='0.0.0'
ac_ct_CC='gcc'
ac_ct_CXX='g++'
am__EXEEXT_FALSE=''
am__EXEEXT_TRUE='#'
am__fastdepCC_FALSE='#'
am__fastdepCC_TRUE=''
am__fastdepCXX_FALSE='#'
am__fastdepCXX_TRUE=''
am__include='include'
am__isrc=''
am__leading_dot='.'
am__nodep='_no'
am__quote=''
am__tar='$${TAR-tar} chof - "$$tardir"'
am__untar='$${TAR-tar} xf -'
bindir='${exec_prefix}/bin'
build='x86_64-apple-darwin14.3.0'
build_alias=''
build_cpu='x86_64'
build_os='darwin14.3.0'
build_vendor='apple'
datadir='${datarootdir}'
datarootdir='${prefix}/share'
docdir='${datarootdir}/doc/${PACKAGE_TARNAME}'
dvidir='${docdir}'
exec_prefix='${prefix}'
host='x86_64-apple-darwin14.3.0'
host_alias=''
host_cpu='x86_64'
host_os='darwin14.3.0'
host_vendor='apple'
htmldir='${docdir}'
includedir='${prefix}/include'
infodir='${datarootdir}/info'
install_sh='${SHELL} /Users/joanna/Documents/cmbiDocuments/kmad/config/install-sh'
libdir='${exec_prefix}/lib'
libexecdir='${exec_prefix}/libexec'
localedir='${datarootdir}/locale'
localstatedir='${prefix}/var'
mandir='${datarootdir}/man'
mkdir_p='$(MKDIR_P)'
oldincludedir='/usr/include'
pdfdir='${docdir}'
prefix='/usr/local'
program_transform_name='s,x,x,'
psdir='${docdir}'
sbindir='${exec_prefix}/sbin'
sharedstatedir='${prefix}/com'
sysconfdir='${prefix}/etc'
target_alias=''

## ----------- ##
## confdefs.h. ##
## ----------- ##

/* confdefs.h */
#define PACKAGE_NAME "kmad"
#define PACKAGE_TARNAME "kmad"
#define PACKAGE_VERSION "0.0.0"
#define PACKAGE_STRING "kmad 0.0.0"
#define PACKAGE_BUGREPORT ""
#define PACKAGE_URL ""
#define PACKAGE "kmad"
#define VERSION "0.0.0"
#define HAVE_BOOST /**/
#define HAVE_BOOST_FILESYSTEM /**/
#define HAVE_BOOST_PROGRAM_OPTIONS /**/
#define HAVE_BOOST_REGEX /**/
#define HAVE_BOOST_SYSTEM /**/
#define HAVE_BOOST_UNIT_TEST_FRAMEWORK /**/
#define STDC_HEADERS 1
#define HAVE_SYS_TYPES_H 1
#define HAVE_SYS_STAT_H 1
#define HAVE_STDLIB_H 1
#define HAVE_STRING_H 1
#define HAVE_MEMORY_H 1
#define HAVE_STRINGS_H 1
#define HAVE_INTTYPES_H 1
#define HAVE_STDINT_H 1
#define HAVE_UNISTD_H 1
#define HAVE_SYS_IOCTL_H 1
#define HAVE_TERMIOS_H 1
#define HAVE_LIBCONFIG_H 1
#define HAVE_FORK 1
#define HAVE_VFORK 1
#define HAVE_WORKING_VFORK 1
#define HAVE_WORKING_FORK 1
#define HAVE_DUP2 1
#define HAVE_FLOOR 1
#define HAVE_POW 1
#define HAVE_SOCKET 1
#define HAVE_SQRT 1
#define HAVE_STRCHR 1
#define HAVE_STRERROR 1

configure: exit 0

## ---------------------- ##
## Running config.status. ##
## ---------------------- ##

This file was extended by kmad config.status 0.0.0, which was
generated by GNU Autoconf 2.69.  Invocation command line was

  CONFIG_FILES    = 
  CONFIG_HEADERS  = 
  CONFIG_LINKS    = 
  CONFIG_COMMANDS = 
  $ ./config.status config.h

on MacBook-Pro-Joanna.local

config.status:896: creating config.h
config.status:1077: config.h is unchanged
